#
# A fatal error has been detected by the Java Runtime Environment:
#
#  EXCEPTION_ACCESS_VIOLATION (0xc0000005) at pc=0x00007ffa4e16cde0, pid=9168, tid=7736
#
# JRE version: OpenJDK Runtime Environment Corretto-17.0.14.7.1 (17.0.14+7) (build 17.0.14+7-LTS)
# Java VM: OpenJDK 64-Bit Server VM Corretto-17.0.14.7.1 (17.0.14+7-LTS, mixed mode, emulated-client, sharing, tiered, compressed oops, compressed class ptrs, g1 gc, windows-amd64)
# Problematic frame:
# V  [jvm.dll+0x2ecde0]
#
# No core dump will be written. Minidumps are not enabled by default on client versions of Windows
#
# If you would like to submit a bug report, please visit:
#   https://github.com/corretto/corretto-17/issues/
#

---------------  S U M M A R Y ------------

Command Line: -agentlib:jdwp=transport=dt_socket,address=127.0.0.1:55971,suspend=y,server=n -XX:TieredStopAtLevel=1 -Dspring.output.ansi.enabled=always -Dcom.sun.management.jmxremote -Dspring.jmx.enabled=true -Dspring.liveBeansView.mbeanDomain -Dspring.application.admin.enabled=true -Dmanagement.endpoints.jmx.exposure.include=* -javaagent:C:\Users\karol\AppData\Local\JetBrains\IntelliJIdea2024.1\captureAgent\debugger-agent.jar=file:/C:/Users/karol/AppData/Local/Temp/capture.props -Dfile.encoding=UTF-8 org.shop.sportwebstore.SportWebStoreApplication

Host: Intel(R) Core(TM) i5-9600K CPU @ 3.70GHz, 6 cores, 31G,  Windows 11 , 64 bit Build 26100 (10.0.26100.3037)
Time: Mon Mar 10 10:27:15 2025  Windows 11 , 64 bit Build 26100 (10.0.26100.3037) elapsed time: 1.197251 seconds (0d 0h 0m 1s)

---------------  T H R E A D  ---------------

Current thread (0x000001dd5d6c4610):  GCTaskThread "GC Thread#1" [stack: 0x0000003556100000,0x0000003556200000] [id=7736]

Stack: [0x0000003556100000,0x0000003556200000],  sp=0x00000035561ff938,  free space=1022k
Native frames: (J=compiled Java code, j=interpreted, Vv=VM code, C=native code)
V  [jvm.dll+0x2ecde0]
V  [jvm.dll+0x30a9eb]
V  [jvm.dll+0x2de529]
V  [jvm.dll+0x2debda]
V  [jvm.dll+0x2decd7]
V  [jvm.dll+0x2e42bb]
V  [jvm.dll+0x86673b]
V  [jvm.dll+0x866786]
V  [jvm.dll+0x7e7f6c]
V  [jvm.dll+0x67ff37]
C  [ucrtbase.dll+0x37b0]
C  [KERNEL32.DLL+0x2e8d7]
C  [ntdll.dll+0xbbf2c]


siginfo: EXCEPTION_ACCESS_VIOLATION (0xc0000005), writing address 0x000001dd78a21349


Registers:
RAX=0x0000000000000000, RBX=0x0000000000000003, RCX=0x000001dd76a21350, RDX=0x0000000000000000
RSP=0x00000035561ff938, RBP=0x0000000000000003, RSI=0x0000000000000000, RDI=0x000001dd76a11440
R8 =0x0000000000000000, R9 =0x0000000000000004, R10=0x000000000000001a, R11=0x000001dd76a21bc0
R12=0x0000000000000000, R13=0x000001dd5ddc0190, R14=0x0000000000000020, R15=0x00000035561ff990
RIP=0x00007ffa4e16cde0, EFLAGS=0x0000000000010202


Register to memory mapping:

RIP=0x00007ffa4e16cde0 jvm.dll
RAX=0x0 is NULL
RBX=0x0000000000000003 is an unknown value
RCX=0x000001dd76a21350 points into unknown readable memory: 0x0000000000000000 | 00 00 00 00 00 00 00 00
RDX=0x0 is NULL
RSP=0x00000035561ff938 points into unknown readable memory: 0x000001dd1771e290 | 90 e2 71 17 dd 01 00 00
RBP=0x0000000000000003 is an unknown value
RSI=0x0 is NULL
RDI=0x000001dd76a11440 points into unknown readable memory: 0x00007ffa4e7d81b0 | b0 81 7d 4e fa 7f 00 00
R8 =0x0 is NULL
R9 =0x0000000000000004 is an unknown value
R10=0x000000000000001a is an unknown value
R11=0x000001dd76a21bc0 points into unknown readable memory: 0x0000000000000000 | 00 00 00 00 00 00 00 00
R12=0x0 is NULL
R13=0x000001dd5ddc0190 points into unknown readable memory: 0x00007ffa4e7de988 | 88 e9 7d 4e fa 7f 00 00
R14=0x0000000000000020 is an unknown value
R15=0x00000035561ff990 points into unknown readable memory: 0x000000061d745765 | 65 57 74 1d 06 00 00 00


Top of Stack: (sp=0x00000035561ff938)
0x00000035561ff938:   000001dd1771e290 000001dd5d6c4260
0x00000035561ff948:   0000000000000004 0000000000001ee0
0x00000035561ff958:   00007ffa4e18a9eb 0000050a00000091
0x00000035561ff968:   000001dd5ddc0190 000001dd76a11440
0x00000035561ff978:   000000061d745760 00000035561ff9f0
0x00000035561ff988:   00007ffa4e15e529 000000061d745765
0x00000035561ff998:   0000000000000013 00000035561ffa60
0x00000035561ff9a8:   0000000000000000 0000003554ffee30
0x00000035561ff9b8:   00007ffa4e4fa47f 0000000000000000
0x00000035561ff9c8:   0000000000000000 0000000000000000
0x00000035561ff9d8:   0000000000000000 0000000000000000
0x00000035561ff9e8:   00007ffa4e6767d7 000001dd1771e290
0x00000035561ff9f8:   000001dd5d6c4260 00000000000003d8
0x00000035561ffa08:   000001dd1771e678 0000000000000003
0x00000035561ffa18:   00007ffa4e15ebda 000001dd5ddc0190
0x00000035561ffa28:   0000000000000013 0000003554ffee30
0x00000035561ffa38:   000000000000fc74 00007ffa4e7dfa50
0x00000035561ffa48:   0000000300000001 0000000000b5b37e
0x00000035561ffa58:   000000010422d26b 00007ffa4e7d8188
0x00000035561ffa68:   0000000000000000 0000000000000000
0x00000035561ffa78:   0000000000000000 000001dd76a19b80
0x00000035561ffa88:   000001dd5ddc0190 000001dd76a11440
0x00000035561ffa98:   0000003554ffee60 0000000000000013
0x00000035561ffaa8:   0000000000000000 0000000000000000
0x00000035561ffab8:   0000000000000000 000001dd1771e2a0
0x00000035561ffac8:   00007ffa4e15ecd7 000001dd5ddc0190
0x00000035561ffad8:   0000000000000003 000001dd5d6e6790
0x00000035561ffae8:   0000003554ffee30 0000000000000015
0x00000035561ffaf8:   0000000000000013 0000003554ffee30
0x00000035561ffb08:   00007ffa4e1642bb 000001dd5ddc0190
0x00000035561ffb18:   000001dd5d6e6790 0000000000000000
0x00000035561ffb28:   0000000000000000 0000000000000000 

Instructions: (pc=0x00007ffa4e16cde0)
0x00007ffa4e16cce0:   41 00 00 69 ca ff ff ff 7f 2b c1 85 c0 8d 88 ff
0x00007ffa4e16ccf0:   ff ff 7f 0f 4e c1 33 d2 41 89 83 04 02 00 00 f7
0x00007ffa4e16cd00:   77 08 44 8b ca 3b d3 74 b7 8b d3 0f 1f 44 00 00
0x00007ffa4e16cd10:   3b d3 74 05 41 3b d1 75 44 45 8b 83 04 02 00 00
0x00007ffa4e16cd20:   b8 5f 0b 4e 83 41 f7 e8 41 03 d0 c1 fa 10 8b c2
0x00007ffa4e16cd30:   c1 e8 1f 03 d0 41 69 c0 a7 41 00 00 69 ca ff ff
0x00007ffa4e16cd40:   ff 7f 2b c1 85 c0 8d 88 ff ff ff 7f 0f 4e c1 33
0x00007ffa4e16cd50:   d2 41 89 83 04 02 00 00 f7 77 08 eb b3 41 8b c1
0x00007ffa4e16cd60:   4c 8d 34 c5 00 00 00 00 48 8b 47 10 49 8b 0c 06
0x00007ffa4e16cd70:   8b 81 00 01 00 00 44 8b 91 80 00 00 00 44 2b d0
0x00007ffa4e16cd80:   8b c2 41 81 e2 ff ff 01 00 41 81 fa ff ff 01 00
0x00007ffa4e16cd90:   45 0f 44 d4 48 8d 34 c5 00 00 00 00 48 8b 47 10
0x00007ffa4e16cda0:   48 8b 0c 06 8b 81 00 01 00 00 44 8b 81 80 00 00
0x00007ffa4e16cdb0:   00 44 2b c0 32 c0 41 81 e0 ff ff 01 00 41 81 f8
0x00007ffa4e16cdc0:   ff ff 01 00 45 0f 44 c4 45 3b c2 76 0a 48 8b 47
0x00007ffa4e16cdd0:   10 48 8b 34 06 eb 14 45 85 d2 0f 84 84 00 00 00
0x00007ffa4e16cde0:   48 8b 47 10 41 8b d1 49 8b 34 06 48 8b 86 00 01
0x00007ffa4e16cdf0:   00 00 90 8b 8e 80 00 00 00 2b c8 81 e1 ff ff 01
0x00007ffa4e16ce00:   00 81 f9 ff ff 01 00 41 0f 44 cc 85 c9 75 13 ba
0x00007ffa4e16ce10:   ff ff ff ff 32 c0 41 89 93 00 02 00 00 e9 c5 00
0x00007ffa4e16ce20:   00 00 48 8b 8e 80 01 00 00 4c 8b c8 44 8b c0 4e
0x00007ffa4e16ce30:   8b 04 c1 8d 48 01 81 e1 ff ff 01 00 4d 89 07 45
0x00007ffa4e16ce40:   8b c4 41 0f 94 c0 49 c1 e9 20 45 03 c8 49 c1 e1
0x00007ffa4e16ce50:   20 4c 0b c9 f0 4c 0f b1 8e 00 01 00 00 0f 94 c0
0x00007ffa4e16ce60:   84 c0 75 05 ba ff ff ff ff 41 89 93 00 02 00 00
0x00007ffa4e16ce70:   eb 75 75 77 48 8b 47 10 8d 4b ff 83 e1 01 4c 8b
0x00007ffa4e16ce80:   14 c8 49 8b 82 00 01 00 00 90 41 8b 8a 80 00 00
0x00007ffa4e16ce90:   00 2b c8 81 e1 ff ff 01 00 81 f9 ff ff 01 00 41
0x00007ffa4e16cea0:   0f 44 cc 85 c9 75 04 32 c0 eb 3c 49 8b 8a 80 01
0x00007ffa4e16ceb0:   00 00 4c 8b c0 8b d0 48 8b 14 d1 8d 48 01 81 e1
0x00007ffa4e16cec0:   ff ff 01 00 49 89 17 41 8b d4 0f 94 c2 49 c1 e8
0x00007ffa4e16ced0:   20 44 03 c2 49 c1 e0 20 4c 0b c1 f0 4d 0f b1 82 


Stack slot to memory mapping:
stack at sp + 0 slots: 0x000001dd1771e290 points into unknown readable memory: 0x0000000000000000 | 00 00 00 00 00 00 00 00
stack at sp + 1 slots: 0x000001dd5d6c4260 points into unknown readable memory: 0x000001dd00000006 | 06 00 00 00 dd 01 00 00
stack at sp + 2 slots: 0x0000000000000004 is an unknown value
stack at sp + 3 slots: 0x0000000000001ee0 is an unknown value
stack at sp + 4 slots: 0x00007ffa4e18a9eb jvm.dll
stack at sp + 5 slots: 0x0000050a00000091 is an unknown value
stack at sp + 6 slots: 0x000001dd5ddc0190 points into unknown readable memory: 0x00007ffa4e7de988 | 88 e9 7d 4e fa 7f 00 00
stack at sp + 7 slots: 0x000001dd76a11440 points into unknown readable memory: 0x00007ffa4e7d81b0 | b0 81 7d 4e fa 7f 00 00


---------------  P R O C E S S  ---------------

Threads class SMR info:
_java_thread_list=0x000001dd5dcaac80, length=20, elements={
0x000001dd76a04a30, 0x000001dd7fe52c70, 0x000001dd7fe552c0, 0x000001dd7fe6f8d0,
0x000001dd7fe701a0, 0x000001dd7fe71d80, 0x000001dd7fe79fd0, 0x000001dd7fe79150,
0x000001dd7fe87a70, 0x000001dd7fe3f4a0, 0x000001dd1768b7a0, 0x000001dd176940e0,
0x000001dd176da0b0, 0x000001dd176ded00, 0x000001dd176f3470, 0x000001dd5d54fc00,
0x000001dd5d641730, 0x000001dd5da1df00, 0x000001dd5da4e070, 0x000001dd5dc98400
}

Java Threads: ( => current thread )
  0x000001dd76a04a30 JavaThread "main" [_thread_blocked, id=1612, stack(0x0000003554900000,0x0000003554a00000)]
  0x000001dd7fe52c70 JavaThread "Reference Handler" daemon [_thread_blocked, id=3832, stack(0x0000003555000000,0x0000003555100000)]
  0x000001dd7fe552c0 JavaThread "Finalizer" daemon [_thread_blocked, id=8728, stack(0x0000003555100000,0x0000003555200000)]
  0x000001dd7fe6f8d0 JavaThread "Signal Dispatcher" daemon [_thread_blocked, id=15052, stack(0x0000003555200000,0x0000003555300000)]
  0x000001dd7fe701a0 JavaThread "Attach Listener" daemon [_thread_blocked, id=10008, stack(0x0000003555300000,0x0000003555400000)]
  0x000001dd7fe71d80 JavaThread "Service Thread" daemon [_thread_blocked, id=18196, stack(0x0000003555400000,0x0000003555500000)]
  0x000001dd7fe79fd0 JavaThread "Monitor Deflation Thread" daemon [_thread_blocked, id=17840, stack(0x0000003555500000,0x0000003555600000)]
  0x000001dd7fe79150 JavaThread "C1 CompilerThread0" daemon [_thread_blocked, id=15116, stack(0x0000003555600000,0x0000003555700000)]
  0x000001dd7fe87a70 JavaThread "Sweeper thread" daemon [_thread_blocked, id=6808, stack(0x0000003555700000,0x0000003555800000)]
  0x000001dd7fe3f4a0 JavaThread "Common-Cleaner" daemon [_thread_blocked, id=5124, stack(0x0000003555800000,0x0000003555900000)]
  0x000001dd1768b7a0 JavaThread "C1 CompilerThread1" daemon [_thread_blocked, id=19900, stack(0x0000003555900000,0x0000003555a00000)]
  0x000001dd176940e0 JavaThread "C1 CompilerThread2" daemon [_thread_blocked, id=8832, stack(0x0000003555a00000,0x0000003555b00000)]
  0x000001dd176da0b0 JavaThread "JDWP Transport Listener: dt_socket" daemon [_thread_blocked, id=18956, stack(0x0000003555b00000,0x0000003555c00000)]
  0x000001dd176ded00 JavaThread "JDWP Event Helper Thread" daemon [_thread_blocked, id=19276, stack(0x0000003555c00000,0x0000003555d00000)]
  0x000001dd176f3470 JavaThread "JDWP Command Reader" daemon [_thread_in_native, id=2148, stack(0x0000003555d00000,0x0000003555e00000)]
  0x000001dd5d54fc00 JavaThread "Notification Thread" daemon [_thread_blocked, id=8228, stack(0x0000003555e00000,0x0000003555f00000)]
  0x000001dd5d641730 JavaThread "RMI TCP Accept-0" daemon [_thread_in_native, id=3152, stack(0x0000003555f00000,0x0000003556000000)]
  0x000001dd5da1df00 JavaThread "background-preinit" [_thread_blocked, id=20204, stack(0x0000003556700000,0x0000003556800000)]
  0x000001dd5da4e070 JavaThread "RMI TCP Connection(1)-172.21.144.1" daemon [_thread_in_native, id=15416, stack(0x0000003556800000,0x0000003556900000)]
  0x000001dd5dc98400 JavaThread "RMI Scheduler(0)" daemon [_thread_blocked, id=14472, stack(0x0000003556900000,0x0000003556a00000)]

Other Threads:
  0x000001dd7fe4c250 VMThread "VM Thread" [stack: 0x0000003554f00000,0x0000003555000000] [id=13676]
  0x000001dd5d288730 WatcherThread [stack: 0x0000003556000000,0x0000003556100000] [id=7488]
  0x000001dd76a729c0 GCTaskThread "GC Thread#0" [stack: 0x0000003554a00000,0x0000003554b00000] [id=5260]
=>0x000001dd5d6c4610 GCTaskThread "GC Thread#1" [stack: 0x0000003556100000,0x0000003556200000] [id=7736]
  0x000001dd5d6daa30 GCTaskThread "GC Thread#2" [stack: 0x0000003556200000,0x0000003556300000] [id=2532]
  0x000001dd5d6dacf0 GCTaskThread "GC Thread#3" [stack: 0x0000003556300000,0x0000003556400000] [id=10088]
  0x000001dd5d6dafb0 GCTaskThread "GC Thread#4" [stack: 0x0000003556400000,0x0000003556500000] [id=11852]
  0x000001dd5d6db270 GCTaskThread "GC Thread#5" [stack: 0x0000003556500000,0x0000003556600000] [id=1756]
  0x000001dd76a837b0 ConcurrentGCThread "G1 Main Marker" [stack: 0x0000003554b00000,0x0000003554c00000] [id=6112]
  0x000001dd76a840e0 ConcurrentGCThread "G1 Conc#0" [stack: 0x0000003554c00000,0x0000003554d00000] [id=8948]
  0x000001dd76a9ec00 ConcurrentGCThread "G1 Refine#0" [stack: 0x0000003554d00000,0x0000003554e00000] [id=19120]
  0x000001dd5d6a7640 ConcurrentGCThread "G1 Refine#1" [stack: 0x0000003556600000,0x0000003556700000] [id=12688]
  0x000001dd7fd82af0 ConcurrentGCThread "G1 Service" [stack: 0x0000003554e00000,0x0000003554f00000] [id=5420]

Threads with active compile tasks:

VM state: at safepoint (normal execution)

VM Mutex/Monitor currently owned by a thread:  ([mutex/lock_event])
[0x000001dd769ff360] Threads_lock - owner thread: 0x000001dd7fe4c250
[0x000001dd769ff3f0] Heap_lock - owner thread: 0x000001dd5da1df00

Heap address: 0x0000000600c00000, size: 8180 MB, Compressed Oops mode: Zero based, Oop shift amount: 3

CDS archive(s) mapped at: [0x000001dd18000000-0x000001dd18bb0000-0x000001dd18bb0000), size 12255232, SharedBaseAddress: 0x000001dd18000000, ArchiveRelocationMode: 1.
Compressed class space mapped at: 0x000001dd19000000-0x000001dd59000000, reserved size: 1073741824
Narrow klass base: 0x000001dd18000000, Narrow klass shift: 0, Narrow klass range: 0x100000000

GC Precious Log:
 CPUs: 6 total, 6 available
 Memory: 32706M
 Large Page Support: Disabled
 NUMA Support: Disabled
 Compressed Oops: Enabled (Zero based)
 Heap Region Size: 4M
 Heap Min Capacity: 8M
 Heap Initial Capacity: 512M
 Heap Max Capacity: 8180M
 Pre-touch: Disabled
 Parallel Workers: 6
 Concurrent Workers: 2
 Concurrent Refinement Workers: 6
 Periodic GC: Disabled

Heap:
 garbage-first heap   total 524288K, used 57363K [0x0000000600c00000, 0x0000000800000000)
  region size 4096K, 14 young (57344K), 2 survivors (8192K)
 Metaspace       used 18896K, committed 19200K, reserved 1114112K
  class space    used 2539K, committed 2688K, reserved 1048576K

Heap Regions: E=young(eden), S=young(survivor), O=old, HS=humongous(starts), HC=humongous(continues), CS=collection set, F=free, OA=open archive, CA=closed archive, TAMS=top-at-mark-start (previous, next)
|   0|0x0000000600c00000, 0x0000000601000000, 0x0000000601000000|100%| O|  |TAMS 0x0000000600c00000, 0x0000000600c00000| Untracked 
|   1|0x0000000601000000, 0x00000006012a7200, 0x0000000601400000| 66%| O|  |TAMS 0x0000000601000000, 0x0000000601000000| Untracked 
|   2|0x0000000601400000, 0x0000000601400000, 0x0000000601800000|  0%| F|  |TAMS 0x0000000601400000, 0x0000000601400000| Untracked 
|   3|0x0000000601800000, 0x0000000601800000, 0x0000000601c00000|  0%| F|  |TAMS 0x0000000601800000, 0x0000000601800000| Untracked 
|   4|0x0000000601c00000, 0x0000000601c00000, 0x0000000602000000|  0%| F|  |TAMS 0x0000000601c00000, 0x0000000601c00000| Untracked 
|   5|0x0000000602000000, 0x0000000602000000, 0x0000000602400000|  0%| F|  |TAMS 0x0000000602000000, 0x0000000602000000| Untracked 
|   6|0x0000000602400000, 0x0000000602400000, 0x0000000602800000|  0%| F|  |TAMS 0x0000000602400000, 0x0000000602400000| Untracked 
|   7|0x0000000602800000, 0x0000000602800000, 0x0000000602c00000|  0%| F|  |TAMS 0x0000000602800000, 0x0000000602800000| Untracked 
|   8|0x0000000602c00000, 0x0000000602c00000, 0x0000000603000000|  0%| F|  |TAMS 0x0000000602c00000, 0x0000000602c00000| Untracked 
|   9|0x0000000603000000, 0x0000000603000000, 0x0000000603400000|  0%| F|  |TAMS 0x0000000603000000, 0x0000000603000000| Untracked 
|  10|0x0000000603400000, 0x0000000603400000, 0x0000000603800000|  0%| F|  |TAMS 0x0000000603400000, 0x0000000603400000| Untracked 
|  11|0x0000000603800000, 0x0000000603800000, 0x0000000603c00000|  0%| F|  |TAMS 0x0000000603800000, 0x0000000603800000| Untracked 
|  12|0x0000000603c00000, 0x0000000603c00000, 0x0000000604000000|  0%| F|  |TAMS 0x0000000603c00000, 0x0000000603c00000| Untracked 
|  13|0x0000000604000000, 0x0000000604000000, 0x0000000604400000|  0%| F|  |TAMS 0x0000000604000000, 0x0000000604000000| Untracked 
|  14|0x0000000604400000, 0x0000000604400000, 0x0000000604800000|  0%| F|  |TAMS 0x0000000604400000, 0x0000000604400000| Untracked 
|  15|0x0000000604800000, 0x0000000604800000, 0x0000000604c00000|  0%| F|  |TAMS 0x0000000604800000, 0x0000000604800000| Untracked 
|  16|0x0000000604c00000, 0x0000000604c00000, 0x0000000605000000|  0%| F|  |TAMS 0x0000000604c00000, 0x0000000604c00000| Untracked 
|  17|0x0000000605000000, 0x0000000605000000, 0x0000000605400000|  0%| F|  |TAMS 0x0000000605000000, 0x0000000605000000| Untracked 
|  18|0x0000000605400000, 0x0000000605400000, 0x0000000605800000|  0%| F|  |TAMS 0x0000000605400000, 0x0000000605400000| Untracked 
|  19|0x0000000605800000, 0x0000000605800000, 0x0000000605c00000|  0%| F|  |TAMS 0x0000000605800000, 0x0000000605800000| Untracked 
|  20|0x0000000605c00000, 0x0000000605c00000, 0x0000000606000000|  0%| F|  |TAMS 0x0000000605c00000, 0x0000000605c00000| Untracked 
|  21|0x0000000606000000, 0x0000000606000000, 0x0000000606400000|  0%| F|  |TAMS 0x0000000606000000, 0x0000000606000000| Untracked 
|  22|0x0000000606400000, 0x0000000606400000, 0x0000000606800000|  0%| F|  |TAMS 0x0000000606400000, 0x0000000606400000| Untracked 
|  23|0x0000000606800000, 0x0000000606800000, 0x0000000606c00000|  0%| F|  |TAMS 0x0000000606800000, 0x0000000606800000| Untracked 
|  24|0x0000000606c00000, 0x0000000606c00000, 0x0000000607000000|  0%| F|  |TAMS 0x0000000606c00000, 0x0000000606c00000| Untracked 
|  25|0x0000000607000000, 0x0000000607000000, 0x0000000607400000|  0%| F|  |TAMS 0x0000000607000000, 0x0000000607000000| Untracked 
|  26|0x0000000607400000, 0x0000000607400000, 0x0000000607800000|  0%| F|  |TAMS 0x0000000607400000, 0x0000000607400000| Untracked 
|  27|0x0000000607800000, 0x0000000607800000, 0x0000000607c00000|  0%| F|  |TAMS 0x0000000607800000, 0x0000000607800000| Untracked 
|  28|0x0000000607c00000, 0x0000000607c00000, 0x0000000608000000|  0%| F|  |TAMS 0x0000000607c00000, 0x0000000607c00000| Untracked 
|  29|0x0000000608000000, 0x0000000608000000, 0x0000000608400000|  0%| F|  |TAMS 0x0000000608000000, 0x0000000608000000| Untracked 
|  30|0x0000000608400000, 0x0000000608400000, 0x0000000608800000|  0%| F|  |TAMS 0x0000000608400000, 0x0000000608400000| Untracked 
|  31|0x0000000608800000, 0x0000000608800000, 0x0000000608c00000|  0%| F|  |TAMS 0x0000000608800000, 0x0000000608800000| Untracked 
|  32|0x0000000608c00000, 0x0000000608c00000, 0x0000000609000000|  0%| F|  |TAMS 0x0000000608c00000, 0x0000000608c00000| Untracked 
|  33|0x0000000609000000, 0x0000000609000000, 0x0000000609400000|  0%| F|  |TAMS 0x0000000609000000, 0x0000000609000000| Untracked 
|  34|0x0000000609400000, 0x0000000609400000, 0x0000000609800000|  0%| F|  |TAMS 0x0000000609400000, 0x0000000609400000| Untracked 
|  35|0x0000000609800000, 0x0000000609800000, 0x0000000609c00000|  0%| F|  |TAMS 0x0000000609800000, 0x0000000609800000| Untracked 
|  36|0x0000000609c00000, 0x0000000609c00000, 0x000000060a000000|  0%| F|  |TAMS 0x0000000609c00000, 0x0000000609c00000| Untracked 
|  37|0x000000060a000000, 0x000000060a000000, 0x000000060a400000|  0%| F|  |TAMS 0x000000060a000000, 0x000000060a000000| Untracked 
|  38|0x000000060a400000, 0x000000060a400000, 0x000000060a800000|  0%| F|  |TAMS 0x000000060a400000, 0x000000060a400000| Untracked 
|  39|0x000000060a800000, 0x000000060a800000, 0x000000060ac00000|  0%| F|  |TAMS 0x000000060a800000, 0x000000060a800000| Untracked 
|  40|0x000000060ac00000, 0x000000060ac00000, 0x000000060b000000|  0%| F|  |TAMS 0x000000060ac00000, 0x000000060ac00000| Untracked 
|  41|0x000000060b000000, 0x000000060b000000, 0x000000060b400000|  0%| F|  |TAMS 0x000000060b000000, 0x000000060b000000| Untracked 
|  42|0x000000060b400000, 0x000000060b400000, 0x000000060b800000|  0%| F|  |TAMS 0x000000060b400000, 0x000000060b400000| Untracked 
|  43|0x000000060b800000, 0x000000060b800000, 0x000000060bc00000|  0%| F|  |TAMS 0x000000060b800000, 0x000000060b800000| Untracked 
|  44|0x000000060bc00000, 0x000000060bc00000, 0x000000060c000000|  0%| F|  |TAMS 0x000000060bc00000, 0x000000060bc00000| Untracked 
|  45|0x000000060c000000, 0x000000060c000000, 0x000000060c400000|  0%| F|  |TAMS 0x000000060c000000, 0x000000060c000000| Untracked 
|  46|0x000000060c400000, 0x000000060c400000, 0x000000060c800000|  0%| F|  |TAMS 0x000000060c400000, 0x000000060c400000| Untracked 
|  47|0x000000060c800000, 0x000000060c800000, 0x000000060cc00000|  0%| F|  |TAMS 0x000000060c800000, 0x000000060c800000| Untracked 
|  48|0x000000060cc00000, 0x000000060cc00000, 0x000000060d000000|  0%| F|  |TAMS 0x000000060cc00000, 0x000000060cc00000| Untracked 
|  49|0x000000060d000000, 0x000000060d000000, 0x000000060d400000|  0%| F|  |TAMS 0x000000060d000000, 0x000000060d000000| Untracked 
|  50|0x000000060d400000, 0x000000060d400000, 0x000000060d800000|  0%| F|  |TAMS 0x000000060d400000, 0x000000060d400000| Untracked 
|  51|0x000000060d800000, 0x000000060d800000, 0x000000060dc00000|  0%| F|  |TAMS 0x000000060d800000, 0x000000060d800000| Untracked 
|  52|0x000000060dc00000, 0x000000060dc00000, 0x000000060e000000|  0%| F|  |TAMS 0x000000060dc00000, 0x000000060dc00000| Untracked 
|  53|0x000000060e000000, 0x000000060e000000, 0x000000060e400000|  0%| F|  |TAMS 0x000000060e000000, 0x000000060e000000| Untracked 
|  54|0x000000060e400000, 0x000000060e400000, 0x000000060e800000|  0%| F|  |TAMS 0x000000060e400000, 0x000000060e400000| Untracked 
|  55|0x000000060e800000, 0x000000060e800000, 0x000000060ec00000|  0%| F|  |TAMS 0x000000060e800000, 0x000000060e800000| Untracked 
|  56|0x000000060ec00000, 0x000000060ec00000, 0x000000060f000000|  0%| F|  |TAMS 0x000000060ec00000, 0x000000060ec00000| Untracked 
|  57|0x000000060f000000, 0x000000060f000000, 0x000000060f400000|  0%| F|  |TAMS 0x000000060f000000, 0x000000060f000000| Untracked 
|  58|0x000000060f400000, 0x000000060f400000, 0x000000060f800000|  0%| F|  |TAMS 0x000000060f400000, 0x000000060f400000| Untracked 
|  59|0x000000060f800000, 0x000000060f800000, 0x000000060fc00000|  0%| F|  |TAMS 0x000000060f800000, 0x000000060f800000| Untracked 
|  60|0x000000060fc00000, 0x000000060fc00000, 0x0000000610000000|  0%| F|  |TAMS 0x000000060fc00000, 0x000000060fc00000| Untracked 
|  61|0x0000000610000000, 0x0000000610000000, 0x0000000610400000|  0%| F|  |TAMS 0x0000000610000000, 0x0000000610000000| Untracked 
|  62|0x0000000610400000, 0x0000000610400000, 0x0000000610800000|  0%| F|  |TAMS 0x0000000610400000, 0x0000000610400000| Untracked 
|  63|0x0000000610800000, 0x0000000610800000, 0x0000000610c00000|  0%| F|  |TAMS 0x0000000610800000, 0x0000000610800000| Untracked 
|  64|0x0000000610c00000, 0x0000000610c00000, 0x0000000611000000|  0%| F|  |TAMS 0x0000000610c00000, 0x0000000610c00000| Untracked 
|  65|0x0000000611000000, 0x0000000611000000, 0x0000000611400000|  0%| F|  |TAMS 0x0000000611000000, 0x0000000611000000| Untracked 
|  66|0x0000000611400000, 0x0000000611400000, 0x0000000611800000|  0%| F|  |TAMS 0x0000000611400000, 0x0000000611400000| Untracked 
|  67|0x0000000611800000, 0x0000000611800000, 0x0000000611c00000|  0%| F|  |TAMS 0x0000000611800000, 0x0000000611800000| Untracked 
|  68|0x0000000611c00000, 0x0000000611c00000, 0x0000000612000000|  0%| F|  |TAMS 0x0000000611c00000, 0x0000000611c00000| Untracked 
|  69|0x0000000612000000, 0x0000000612000000, 0x0000000612400000|  0%| F|  |TAMS 0x0000000612000000, 0x0000000612000000| Untracked 
|  70|0x0000000612400000, 0x0000000612400000, 0x0000000612800000|  0%| F|  |TAMS 0x0000000612400000, 0x0000000612400000| Untracked 
|  71|0x0000000612800000, 0x0000000612800000, 0x0000000612c00000|  0%| F|  |TAMS 0x0000000612800000, 0x0000000612800000| Untracked 
|  72|0x0000000612c00000, 0x0000000612c00000, 0x0000000613000000|  0%| F|  |TAMS 0x0000000612c00000, 0x0000000612c00000| Untracked 
|  73|0x0000000613000000, 0x0000000613000000, 0x0000000613400000|  0%| F|  |TAMS 0x0000000613000000, 0x0000000613000000| Untracked 
|  74|0x0000000613400000, 0x0000000613400000, 0x0000000613800000|  0%| F|  |TAMS 0x0000000613400000, 0x0000000613400000| Untracked 
|  75|0x0000000613800000, 0x0000000613800000, 0x0000000613c00000|  0%| F|  |TAMS 0x0000000613800000, 0x0000000613800000| Untracked 
|  76|0x0000000613c00000, 0x0000000613c00000, 0x0000000614000000|  0%| F|  |TAMS 0x0000000613c00000, 0x0000000613c00000| Untracked 
|  77|0x0000000614000000, 0x0000000614000000, 0x0000000614400000|  0%| F|  |TAMS 0x0000000614000000, 0x0000000614000000| Untracked 
|  78|0x0000000614400000, 0x0000000614400000, 0x0000000614800000|  0%| F|  |TAMS 0x0000000614400000, 0x0000000614400000| Untracked 
|  79|0x0000000614800000, 0x0000000614800000, 0x0000000614c00000|  0%| F|  |TAMS 0x0000000614800000, 0x0000000614800000| Untracked 
|  80|0x0000000614c00000, 0x0000000614c00000, 0x0000000615000000|  0%| F|  |TAMS 0x0000000614c00000, 0x0000000614c00000| Untracked 
|  81|0x0000000615000000, 0x0000000615000000, 0x0000000615400000|  0%| F|  |TAMS 0x0000000615000000, 0x0000000615000000| Untracked 
|  82|0x0000000615400000, 0x0000000615400000, 0x0000000615800000|  0%| F|  |TAMS 0x0000000615400000, 0x0000000615400000| Untracked 
|  83|0x0000000615800000, 0x0000000615800000, 0x0000000615c00000|  0%| F|  |TAMS 0x0000000615800000, 0x0000000615800000| Untracked 
|  84|0x0000000615c00000, 0x0000000615c00000, 0x0000000616000000|  0%| F|  |TAMS 0x0000000615c00000, 0x0000000615c00000| Untracked 
|  85|0x0000000616000000, 0x0000000616000000, 0x0000000616400000|  0%| F|  |TAMS 0x0000000616000000, 0x0000000616000000| Untracked 
|  86|0x0000000616400000, 0x0000000616400000, 0x0000000616800000|  0%| F|  |TAMS 0x0000000616400000, 0x0000000616400000| Untracked 
|  87|0x0000000616800000, 0x0000000616800000, 0x0000000616c00000|  0%| F|  |TAMS 0x0000000616800000, 0x0000000616800000| Untracked 
|  88|0x0000000616c00000, 0x0000000616c00000, 0x0000000617000000|  0%| F|  |TAMS 0x0000000616c00000, 0x0000000616c00000| Untracked 
|  89|0x0000000617000000, 0x0000000617000000, 0x0000000617400000|  0%| F|  |TAMS 0x0000000617000000, 0x0000000617000000| Untracked 
|  90|0x0000000617400000, 0x0000000617400000, 0x0000000617800000|  0%| F|  |TAMS 0x0000000617400000, 0x0000000617400000| Untracked 
|  91|0x0000000617800000, 0x0000000617800000, 0x0000000617c00000|  0%| F|  |TAMS 0x0000000617800000, 0x0000000617800000| Untracked 
|  92|0x0000000617c00000, 0x0000000617c00000, 0x0000000618000000|  0%| F|  |TAMS 0x0000000617c00000, 0x0000000617c00000| Untracked 
|  93|0x0000000618000000, 0x0000000618000000, 0x0000000618400000|  0%| F|  |TAMS 0x0000000618000000, 0x0000000618000000| Untracked 
|  94|0x0000000618400000, 0x0000000618400000, 0x0000000618800000|  0%| F|  |TAMS 0x0000000618400000, 0x0000000618400000| Untracked 
|  95|0x0000000618800000, 0x0000000618800000, 0x0000000618c00000|  0%| F|  |TAMS 0x0000000618800000, 0x0000000618800000| Untracked 
|  96|0x0000000618c00000, 0x0000000618c00000, 0x0000000619000000|  0%| F|  |TAMS 0x0000000618c00000, 0x0000000618c00000| Untracked 
|  97|0x0000000619000000, 0x0000000619000000, 0x0000000619400000|  0%| F|  |TAMS 0x0000000619000000, 0x0000000619000000| Untracked 
|  98|0x0000000619400000, 0x0000000619400000, 0x0000000619800000|  0%| F|  |TAMS 0x0000000619400000, 0x0000000619400000| Untracked 
|  99|0x0000000619800000, 0x0000000619800000, 0x0000000619c00000|  0%| F|  |TAMS 0x0000000619800000, 0x0000000619800000| Untracked 
| 100|0x0000000619c00000, 0x0000000619c00000, 0x000000061a000000|  0%| F|  |TAMS 0x0000000619c00000, 0x0000000619c00000| Untracked 
| 101|0x000000061a000000, 0x000000061a000000, 0x000000061a400000|  0%| F|  |TAMS 0x000000061a000000, 0x000000061a000000| Untracked 
| 102|0x000000061a400000, 0x000000061a400000, 0x000000061a800000|  0%| F|  |TAMS 0x000000061a400000, 0x000000061a400000| Untracked 
| 103|0x000000061a800000, 0x000000061a800000, 0x000000061ac00000|  0%| F|  |TAMS 0x000000061a800000, 0x000000061a800000| Untracked 
| 104|0x000000061ac00000, 0x000000061ac00000, 0x000000061b000000|  0%| F|  |TAMS 0x000000061ac00000, 0x000000061ac00000| Untracked 
| 105|0x000000061b000000, 0x000000061b000000, 0x000000061b400000|  0%| F|  |TAMS 0x000000061b000000, 0x000000061b000000| Untracked 
| 106|0x000000061b400000, 0x000000061b400000, 0x000000061b800000|  0%| F|  |TAMS 0x000000061b400000, 0x000000061b400000| Untracked 
| 107|0x000000061b800000, 0x000000061b800000, 0x000000061bc00000|  0%| F|  |TAMS 0x000000061b800000, 0x000000061b800000| Untracked 
| 108|0x000000061bc00000, 0x000000061bc00000, 0x000000061c000000|  0%| F|  |TAMS 0x000000061bc00000, 0x000000061bc00000| Untracked 
| 109|0x000000061c000000, 0x000000061c000000, 0x000000061c400000|  0%| F|  |TAMS 0x000000061c000000, 0x000000061c000000| Untracked 
| 110|0x000000061c400000, 0x000000061c400000, 0x000000061c800000|  0%| F|  |TAMS 0x000000061c400000, 0x000000061c400000| Untracked 
| 111|0x000000061c800000, 0x000000061c800000, 0x000000061cc00000|  0%| F|  |TAMS 0x000000061c800000, 0x000000061c800000| Untracked 
| 112|0x000000061cc00000, 0x000000061cc00000, 0x000000061d000000|  0%| F|  |TAMS 0x000000061cc00000, 0x000000061cc00000| Untracked 
| 113|0x000000061d000000, 0x000000061d04be10, 0x000000061d400000|  7%| S|  |TAMS 0x000000061d000000, 0x000000061d000000| Complete 
| 114|0x000000061d400000, 0x000000061d800000, 0x000000061d800000|100%| S|  |TAMS 0x000000061d400000, 0x000000061d400000| Complete 
| 115|0x000000061d800000, 0x000000061dc00000, 0x000000061dc00000|100%| E|CS|TAMS 0x000000061d800000, 0x000000061d800000| Complete 
| 116|0x000000061dc00000, 0x000000061e000000, 0x000000061e000000|100%| E|CS|TAMS 0x000000061dc00000, 0x000000061dc00000| Complete 
| 117|0x000000061e000000, 0x000000061e400000, 0x000000061e400000|100%| E|CS|TAMS 0x000000061e000000, 0x000000061e000000| Complete 
| 118|0x000000061e400000, 0x000000061e800000, 0x000000061e800000|100%| E|CS|TAMS 0x000000061e400000, 0x000000061e400000| Complete 
| 119|0x000000061e800000, 0x000000061ec00000, 0x000000061ec00000|100%| E|CS|TAMS 0x000000061e800000, 0x000000061e800000| Complete 
| 120|0x000000061ec00000, 0x000000061f000000, 0x000000061f000000|100%| E|CS|TAMS 0x000000061ec00000, 0x000000061ec00000| Complete 
| 121|0x000000061f000000, 0x000000061f400000, 0x000000061f400000|100%| E|CS|TAMS 0x000000061f000000, 0x000000061f000000| Complete 
| 122|0x000000061f400000, 0x000000061f55dc28, 0x000000061f800000| 34%| E|CS|TAMS 0x000000061f400000, 0x000000061f400000| Complete 
| 123|0x000000061f800000, 0x000000061fc00000, 0x000000061fc00000|100%| E|CS|TAMS 0x000000061f800000, 0x000000061f800000| Complete 
| 124|0x000000061fc00000, 0x0000000620000000, 0x0000000620000000|100%| E|CS|TAMS 0x000000061fc00000, 0x000000061fc00000| Complete 
| 125|0x0000000620000000, 0x0000000620400000, 0x0000000620400000|100%| E|CS|TAMS 0x0000000620000000, 0x0000000620000000| Complete 
| 126|0x0000000620400000, 0x0000000620800000, 0x0000000620800000|100%| E|CS|TAMS 0x0000000620400000, 0x0000000620400000| Complete 
| 127|0x0000000620800000, 0x0000000620c00000, 0x0000000620c00000|100%| E|CS|TAMS 0x0000000620800000, 0x0000000620800000| Complete 

Card table byte_map: [0x000001dd03000000,0x000001dd04000000] _byte_map_base: 0x000001dcffffa000

Marking Bits (Prev, Next): (CMBitMap*) 0x000001dd76a72ef0, (CMBitMap*) 0x000001dd76a72f30
 Prev Bits: [0x000001dd05000000, 0x000001dd0cfd0000)
 Next Bits: [0x000001dd0cfd0000, 0x000001dd14fa0000)

Polling page: 0x000001dd751a0000

Metaspace:

Usage:
  Non-class:     15.97 MB used.
      Class:      2.48 MB used.
       Both:     18.45 MB used.

Virtual space:
  Non-class space:       64.00 MB reserved,      16.12 MB ( 25%) committed,  1 nodes.
      Class space:        1.00 GB reserved,       2.62 MB ( <1%) committed,  1 nodes.
             Both:        1.06 GB reserved,      18.75 MB (  2%) committed. 

Chunk freelists:
   Non-Class:  15.08 MB
       Class:  13.41 MB
        Both:  28.48 MB

MaxMetaspaceSize: unlimited
CompressedClassSpaceSize: 1.00 GB
Initial GC threshold: 21.00 MB
Current GC threshold: 21.00 MB
CDS: on
MetaspaceReclaimPolicy: balanced
 - commit_granule_bytes: 65536.
 - commit_granule_words: 8192.
 - virtual_space_node_default_size: 8388608.
 - enlarge_chunks_in_place: 1.
 - new_chunks_are_fully_committed: 0.
 - uncommit_free_chunks: 1.
 - use_allocation_guard: 0.
 - handle_deallocations: 1.


Internal statistics:

num_allocs_failed_limit: 0.
num_arena_births: 352.
num_arena_deaths: 0.
num_vsnodes_births: 2.
num_vsnodes_deaths: 0.
num_space_committed: 300.
num_space_uncommitted: 0.
num_chunks_returned_to_freelist: 0.
num_chunks_taken_from_freelist: 895.
num_chunk_merges: 0.
num_chunk_splits: 616.
num_chunks_enlarged: 458.
num_inconsistent_stats: 0.

CodeCache: size=49152Kb used=6038Kb max_used=6038Kb free=43113Kb
 bounds [0x000001dd00000000, 0x000001dd005f0000, 0x000001dd03000000]
 total_blobs=2830 nmethods=2314 adapters=441
 compilation: enabled
              stopped_count=0, restarted_count=0
 full_count=0

Compilation events (20 events):
Event: 1.167 Thread 0x000001dd1768b7a0 2309       1       java.util.Locale$Cache::createObject (41 bytes)
Event: 1.167 Thread 0x000001dd176940e0 nmethod 2300 0x000001dd005de990 code [0x000001dd005dec00, 0x000001dd005df378]
Event: 1.167 Thread 0x000001dd1768b7a0 nmethod 2309 0x000001dd005df890 code [0x000001dd005dfa60, 0x000001dd005dfeb8]
Event: 1.167 Thread 0x000001dd176940e0 2307       1       sun.util.locale.BaseLocale$Cache::createObject (8 bytes)
Event: 1.167 Thread 0x000001dd1768b7a0 2305       1       sun.util.locale.LanguageTag::isRegion (36 bytes)
Event: 1.167 Thread 0x000001dd7fe79150 nmethod 2298 0x000001dd005e0090 code [0x000001dd005e03a0, 0x000001dd005e0f58]
Event: 1.167 Thread 0x000001dd176940e0 nmethod 2307 0x000001dd005e1710 code [0x000001dd005e18c0, 0x000001dd005e1a68]
Event: 1.167 Thread 0x000001dd1768b7a0 nmethod 2305 0x000001dd005e1b90 code [0x000001dd005e1d60, 0x000001dd005e2138]
Event: 1.167 Thread 0x000001dd176940e0 2310       1       java.util.Locale::equals (75 bytes)
Event: 1.168 Thread 0x000001dd176940e0 nmethod 2310 0x000001dd005e2490 code [0x000001dd005e2660, 0x000001dd005e29b8]
Event: 1.168 Thread 0x000001dd1768b7a0 2311       1       sun.util.locale.BaseLocale::equals (71 bytes)
Event: 1.168 Thread 0x000001dd7fe79150 2312       1       java.util.Locale::hasExtensions (13 bytes)
Event: 1.168 Thread 0x000001dd176940e0 2313       1       java.util.Locale::stripExtensions (20 bytes)
Event: 1.168 Thread 0x000001dd7fe79150 nmethod 2312 0x000001dd005e2b90 code [0x000001dd005e2d20, 0x000001dd005e2df8]
Event: 1.168 Thread 0x000001dd1768b7a0 nmethod 2311 0x000001dd005e2e90 code [0x000001dd005e3040, 0x000001dd005e3278]
Event: 1.168 Thread 0x000001dd176940e0 nmethod 2313 0x000001dd005e3310 code [0x000001dd005e34c0, 0x000001dd005e3608]
Event: 1.171 Thread 0x000001dd176940e0 2314       1       java.lang.StringUTF16::getChar (60 bytes)
Event: 1.171 Thread 0x000001dd176940e0 nmethod 2314 0x000001dd005e3690 code [0x000001dd005e3820, 0x000001dd005e3938]
Event: 1.184 Thread 0x000001dd176940e0 2315       1       java.lang.Character::isJavaIdentifierPart (5 bytes)
Event: 1.184 Thread 0x000001dd176940e0 nmethod 2315 0x000001dd005e5210 code [0x000001dd005e53c0, 0x000001dd005e54b8]

GC Heap History (5 events):
Event: 0.582 GC heap before
{Heap before GC invocations=0 (full 0):
 garbage-first heap   total 524288K, used 20480K [0x0000000600c00000, 0x0000000800000000)
  region size 4096K, 6 young (24576K), 0 survivors (0K)
 Metaspace       used 6381K, committed 6592K, reserved 1114112K
  class space    used 752K, committed 832K, reserved 1048576K
}
Event: 0.585 GC heap after
{Heap after GC invocations=1 (full 0):
 garbage-first heap   total 524288K, used 6706K [0x0000000600c00000, 0x0000000800000000)
  region size 4096K, 1 young (4096K), 1 survivors (4096K)
 Metaspace       used 6381K, committed 6592K, reserved 1114112K
  class space    used 752K, committed 832K, reserved 1048576K
}
Event: 0.829 GC heap before
{Heap before GC invocations=1 (full 0):
 garbage-first heap   total 524288K, used 27186K [0x0000000600c00000, 0x0000000800000000)
  region size 4096K, 6 young (24576K), 1 survivors (4096K)
 Metaspace       used 10140K, committed 10368K, reserved 1114112K
  class space    used 1301K, committed 1408K, reserved 1048576K
}
Event: 0.831 GC heap after
{Heap after GC invocations=2 (full 0):
 garbage-first heap   total 524288K, used 8211K [0x0000000600c00000, 0x0000000800000000)
  region size 4096K, 1 young (4096K), 1 survivors (4096K)
 Metaspace       used 10140K, committed 10368K, reserved 1114112K
  class space    used 1301K, committed 1408K, reserved 1048576K
}
Event: 1.189 GC heap before
{Heap before GC invocations=2 (full 0):
 garbage-first heap   total 524288K, used 53267K [0x0000000600c00000, 0x0000000800000000)
  region size 4096K, 13 young (53248K), 1 survivors (4096K)
 Metaspace       used 18896K, committed 19200K, reserved 1114112K
  class space    used 2539K, committed 2688K, reserved 1048576K
}

Dll operation events (11 events):
Event: 0.008 Loaded shared library C:\Users\karol\.jdks\corretto-17.0.14\bin\java.dll
Event: 0.009 Loaded shared library C:\Users\karol\.jdks\corretto-17.0.14\bin\zip.dll
Event: 0.023 Loaded shared library C:\Users\karol\.jdks\corretto-17.0.14\bin\jsvml.dll
Event: 0.243 Loaded shared library C:\Users\karol\.jdks\corretto-17.0.14\bin\instrument.dll
Event: 0.250 Loaded shared library C:\Users\karol\.jdks\corretto-17.0.14\bin\net.dll
Event: 0.251 Loaded shared library C:\Users\karol\.jdks\corretto-17.0.14\bin\nio.dll
Event: 0.254 Loaded shared library C:\Users\karol\.jdks\corretto-17.0.14\bin\zip.dll
Event: 0.308 Loaded shared library C:\Users\karol\.jdks\corretto-17.0.14\bin\jimage.dll
Event: 0.398 Loaded shared library C:\Users\karol\.jdks\corretto-17.0.14\bin\management.dll
Event: 0.405 Loaded shared library C:\Users\karol\.jdks\corretto-17.0.14\bin\management_ext.dll
Event: 0.535 Loaded shared library C:\Users\karol\.jdks\corretto-17.0.14\bin\extnet.dll

Deoptimization events (20 events):
Event: 1.107 Thread 0x000001dd5da1df00 DEOPT PACKING pc=0x000001dd003eb164 sp=0x00000035567fdc50
Event: 1.107 Thread 0x000001dd5da1df00 DEOPT UNPACKING pc=0x000001dd00057143 sp=0x00000035567fd0e8 mode 1
Event: 1.107 Thread 0x000001dd5da1df00 DEOPT PACKING pc=0x000001dd003ea3fc sp=0x00000035567fdd20
Event: 1.107 Thread 0x000001dd5da1df00 DEOPT UNPACKING pc=0x000001dd00057143 sp=0x00000035567fd1d8 mode 1
Event: 1.107 Thread 0x000001dd5da1df00 DEOPT PACKING pc=0x000001dd00393ddc sp=0x00000035567fe700
Event: 1.107 Thread 0x000001dd5da1df00 DEOPT UNPACKING pc=0x000001dd00057143 sp=0x00000035567fdbf0 mode 1
Event: 1.107 Thread 0x000001dd5da1df00 DEOPT PACKING pc=0x000001dd003eb164 sp=0x00000035567fdc50
Event: 1.107 Thread 0x000001dd5da1df00 DEOPT UNPACKING pc=0x000001dd00057143 sp=0x00000035567fd0e8 mode 1
Event: 1.107 Thread 0x000001dd5da1df00 DEOPT PACKING pc=0x000001dd003ea3fc sp=0x00000035567fdd20
Event: 1.107 Thread 0x000001dd5da1df00 DEOPT UNPACKING pc=0x000001dd00057143 sp=0x00000035567fd1d8 mode 1
Event: 1.107 Thread 0x000001dd5da1df00 DEOPT PACKING pc=0x000001dd00393ddc sp=0x00000035567fe700
Event: 1.107 Thread 0x000001dd5da1df00 DEOPT UNPACKING pc=0x000001dd00057143 sp=0x00000035567fdbf0 mode 1
Event: 1.114 Thread 0x000001dd5da4e070 DEOPT PACKING pc=0x000001dd00393ddc sp=0x00000035568fda60
Event: 1.114 Thread 0x000001dd5da4e070 DEOPT UNPACKING pc=0x000001dd00057143 sp=0x00000035568fcf50 mode 1
Event: 1.125 Thread 0x000001dd5da1df00 DEOPT PACKING pc=0x000001dd003eb164 sp=0x00000035567fd7a0
Event: 1.125 Thread 0x000001dd5da1df00 DEOPT UNPACKING pc=0x000001dd00057143 sp=0x00000035567fcc38 mode 1
Event: 1.125 Thread 0x000001dd5da1df00 DEOPT PACKING pc=0x000001dd003ea3fc sp=0x00000035567fd870
Event: 1.125 Thread 0x000001dd5da1df00 DEOPT UNPACKING pc=0x000001dd00057143 sp=0x00000035567fcd28 mode 1
Event: 1.125 Thread 0x000001dd5da1df00 DEOPT PACKING pc=0x000001dd00393ddc sp=0x00000035567fe250
Event: 1.125 Thread 0x000001dd5da1df00 DEOPT UNPACKING pc=0x000001dd00057143 sp=0x00000035567fd740 mode 1

Classes loaded (20 events):
Event: 1.186 Loading class com/fasterxml/jackson/core/StreamWriteConstraints
Event: 1.186 Loading class com/fasterxml/jackson/core/StreamWriteConstraints done
Event: 1.187 Loading class com/fasterxml/jackson/core/ErrorReportConfiguration
Event: 1.187 Loading class com/fasterxml/jackson/core/ErrorReportConfiguration done
Event: 1.187 Loading class com/fasterxml/jackson/core/sym/CharsToNameCanonicalizer
Event: 1.187 Loading class com/fasterxml/jackson/core/sym/CharsToNameCanonicalizer done
Event: 1.187 Loading class com/fasterxml/jackson/core/sym/CharsToNameCanonicalizer$TableInfo
Event: 1.187 Loading class com/fasterxml/jackson/core/sym/CharsToNameCanonicalizer$TableInfo done
Event: 1.188 Loading class com/fasterxml/jackson/core/sym/CharsToNameCanonicalizer$Bucket
Event: 1.188 Loading class com/fasterxml/jackson/core/sym/CharsToNameCanonicalizer$Bucket done
Event: 1.188 Loading class com/fasterxml/jackson/databind/util/RootNameLookup
Event: 1.188 Loading class com/fasterxml/jackson/databind/util/RootNameLookup done
Event: 1.189 Loading class com/fasterxml/jackson/databind/introspect/SimpleMixInResolver
Event: 1.189 Loading class com/fasterxml/jackson/databind/introspect/SimpleMixInResolver done
Event: 1.189 Loading class com/fasterxml/jackson/databind/introspect/ClassIntrospector$MixInResolver
Event: 1.189 Loading class com/fasterxml/jackson/databind/introspect/ClassIntrospector$MixInResolver done
Event: 1.189 Loading class com/fasterxml/jackson/databind/BeanDescription
Event: 1.189 Loading class com/fasterxml/jackson/databind/BeanDescription done
Event: 1.189 Loading class com/fasterxml/jackson/databind/introspect/BasicBeanDescription
Event: 1.189 Loading class com/fasterxml/jackson/databind/introspect/BasicBeanDescription done

Classes unloaded (0 events):
No events

Classes redefined (0 events):
No events

Internal exceptions (20 events):
Event: 0.852 Thread 0x000001dd76a04a30 Exception <a 'java/lang/NoSuchMethodError'{0x0000000620a4e1d8}: 'java.lang.Object java.lang.invoke.Invokers$Holder.linkToTargetMethod(java.lang.Object, java.lang.Object, int, java.lang.Object, java.lang.Object)'> (0x0000000620a4e1d8) 
thrown [s\src\hotspot\share\interpreter\linkResolver.cpp, line 759]
Event: 0.853 Thread 0x000001dd76a04a30 Exception <a 'java/lang/NoSuchMethodError'{0x0000000620a5e5e0}: 'java.lang.Object java.lang.invoke.DirectMethodHandle$Holder.newInvokeSpecial(java.lang.Object, int, java.lang.Object)'> (0x0000000620a5e5e0) 
thrown [s\src\hotspot\share\interpreter\linkResolver.cpp, line 759]
Event: 0.853 Thread 0x000001dd76a04a30 Exception <a 'java/lang/NoSuchMethodError'{0x0000000620a63128}: 'int java.lang.invoke.DirectMethodHandle$Holder.invokeSpecialIFC(java.lang.Object, java.lang.Object, java.lang.Object, java.lang.Object)'> (0x0000000620a63128) 
thrown [s\src\hotspot\share\interpreter\linkResolver.cpp, line 759]
Event: 0.863 Thread 0x000001dd76a04a30 Exception <a 'java/lang/NoSuchMethodError'{0x0000000620b5dd40}: 'void java.lang.invoke.DirectMethodHandle$Holder.invokeInterface(java.lang.Object, java.lang.Object, java.lang.Object)'> (0x0000000620b5dd40) 
thrown [s\src\hotspot\share\interpreter\linkResolver.cpp, line 759]
Event: 0.873 Thread 0x000001dd76a04a30 Exception <a 'java/lang/NoSuchMethodError'{0x0000000620bfa938}: 'java.lang.Object java.lang.invoke.DirectMethodHandle$Holder.invokeVirtual(java.lang.Object, java.lang.Object, java.lang.Object)'> (0x0000000620bfa938) 
thrown [s\src\hotspot\share\interpreter\linkResolver.cpp, line 759]
Event: 0.886 Thread 0x000001dd76a04a30 Exception <a 'java/lang/NoSuchMethodError'{0x0000000620529020}: 'void java.lang.invoke.DirectMethodHandle$Holder.invokeStatic(java.lang.Object, java.lang.Object, int)'> (0x0000000620529020) 
thrown [s\src\hotspot\share\interpreter\linkResolver.cpp, line 759]
Event: 0.888 Thread 0x000001dd76a04a30 Exception <a 'java/lang/NoSuchMethodError'{0x000000062053e148}: 'void java.lang.invoke.DirectMethodHandle$Holder.invokeStaticInit(java.lang.Object, java.lang.Object, java.lang.Object)'> (0x000000062053e148) 
thrown [s\src\hotspot\share\interpreter\linkResolver.cpp, line 759]
Event: 0.898 Thread 0x000001dd76a04a30 Exception <a 'java/lang/NoSuchMethodError'{0x0000000620616088}: 'void java.lang.invoke.DirectMethodHandle$Holder.invokeVirtual(java.lang.Object, java.lang.Object, java.lang.Object, java.lang.Object)'> (0x0000000620616088) 
thrown [s\src\hotspot\share\interpreter\linkResolver.cpp, line 759]
Event: 0.906 Thread 0x000001dd76a04a30 Exception <a 'java/lang/NoSuchMethodError'{0x00000006206e49d0}: 'java.lang.Object java.lang.invoke.DirectMethodHandle$Holder.invokeSpecial(java.lang.Object, java.lang.Object, long, java.lang.Object, java.lang.Object, java.lang.Object, java.lang.Object, java.lang.Object, java.lang.Object)'> (0x00000006206e49d0) 
thrown [s\src\hotspot\share\interpreter\linkResolver.cpp, line 759]
Event: 0.906 Thread 0x000001dd76a04a30 Exception <a 'java/lang/NoSuchMethodError'{0x00000006206e9250}: 'java.lang.Object java.lang.invoke.DelegatingMethodHandle$Holder.reinvoke_L(java.lang.Object, long, java.lang.Object, java.lang.Object, java.lang.Object, java.lang.Object, java.lang.Object, java.lang.Object)'> (0x00000006206e9250) 
thrown [s\src\hotspot\share\interpreter\linkResolver.cpp, line 759]
Event: 0.938 Thread 0x000001dd76a04a30 Exception <a 'java/lang/NoSuchMethodError'{0x000000062015ed18}: 'void java.lang.invoke.DirectMethodHandle$Holder.invokeSpecial(java.lang.Object, java.lang.Object, java.lang.Object)'> (0x000000062015ed18) 
thrown [s\src\hotspot\share\interpreter\linkResolver.cpp, line 759]
Event: 0.943 Thread 0x000001dd76a04a30 Exception <a 'java/lang/NoSuchMethodError'{0x00000006201b6398}: 'java.lang.Object java.lang.invoke.DirectMethodHandle$Holder.invokeStatic(java.lang.Object, java.lang.Object, int)'> (0x00000006201b6398) 
thrown [s\src\hotspot\share\interpreter\linkResolver.cpp, line 759]
Event: 0.944 Thread 0x000001dd76a04a30 Exception <a 'java/lang/NoSuchMethodError'{0x00000006201c1b88}: 'void java.lang.invoke.DelegatingMethodHandle$Holder.delegate(java.lang.Object, java.lang.Object, int, java.lang.Object)'> (0x00000006201c1b88) 
thrown [s\src\hotspot\share\interpreter\linkResolver.cpp, line 759]
Event: 0.950 Thread 0x000001dd76a04a30 Exception <a 'java/lang/IncompatibleClassChangeError'{0x00000006202f16f8}: Found class java.lang.Object, but interface was expected> (0x00000006202f16f8) 
thrown [s\src\hotspot\share\interpreter\linkResolver.cpp, line 826]
Event: 0.961 Thread 0x000001dd5da1df00 Exception <a 'java/lang/NoSuchMethodError'{0x000000061fd60f40}: 'java.lang.Object java.lang.invoke.Invokers$Holder.invoke_MT(java.lang.Object, java.lang.Object, java.lang.Object)'> (0x000000061fd60f40) 
thrown [s\src\hotspot\share\interpreter\linkResolver.cpp, line 759]
Event: 1.009 Thread 0x000001dd76a04a30 Exception <a 'java/lang/NoSuchMethodError'{0x000000061f0b4290}: 'java.lang.Object java.lang.invoke.DirectMethodHandle$Holder.invokeStatic(java.lang.Object, int, java.lang.Object)'> (0x000000061f0b4290) 
thrown [s\src\hotspot\share\interpreter\linkResolver.cpp, line 759]
Event: 1.110 Thread 0x000001dd5da4e070 Exception <a 'java/lang/NoSuchMethodError'{0x000000061e081468}: static [B.<clinit>()V> (0x000000061e081468) 
thrown [s\src\hotspot\share\prims\jni.cpp, line 1112]
Event: 1.114 Thread 0x000001dd5da4e070 Exception <a 'java/lang/ClassNotFoundException'{0x000000061e1b7078}: javax/management/remote/rmi/RMIConnectionImpl_Skel> (0x000000061e1b7078) 
thrown [s\src\hotspot\share\classfile\systemDictionary.cpp, line 256]
Event: 1.119 Thread 0x000001dd5da4e070 Exception <a 'java/lang/reflect/InvocationTargetException'{0x000000061e268578}> (0x000000061e268578) 
thrown [s\src\hotspot\share\runtime\reflection.cpp, line 1128]
Event: 1.121 Thread 0x000001dd5da4e070 Exception <a 'java/lang/NoSuchMethodError'{0x000000061e2d45e0}: static [Ljava/lang/StackTraceElement;.<clinit>()V> (0x000000061e2d45e0) 
thrown [s\src\hotspot\share\prims\jni.cpp, line 1112]

VM Operations (20 events):
Event: 0.476 Executing VM operation: HandshakeAllThreads done
Event: 0.544 Executing VM operation: HandshakeAllThreads
Event: 0.544 Executing VM operation: HandshakeAllThreads done
Event: 0.571 Executing VM operation: HandshakeAllThreads
Event: 0.572 Executing VM operation: HandshakeAllThreads done
Event: 0.582 Executing VM operation: G1CollectForAllocation
Event: 0.585 Executing VM operation: G1CollectForAllocation done
Event: 0.829 Executing VM operation: G1CollectForAllocation
Event: 0.831 Executing VM operation: G1CollectForAllocation done
Event: 0.840 Executing VM operation: HandshakeAllThreads
Event: 0.840 Executing VM operation: HandshakeAllThreads done
Event: 0.935 Executing VM operation: HandshakeAllThreads
Event: 0.935 Executing VM operation: HandshakeAllThreads done
Event: 0.937 Executing VM operation: HandshakeAllThreads
Event: 0.937 Executing VM operation: HandshakeAllThreads done
Event: 1.047 Executing VM operation: ICBufferFull
Event: 1.047 Executing VM operation: ICBufferFull done
Event: 1.114 Executing VM operation: HandshakeAllThreads
Event: 1.114 Executing VM operation: HandshakeAllThreads done
Event: 1.189 Executing VM operation: G1CollectForAllocation

Memory protections (0 events):
No events

Nmethod flushes (0 events):
No events

Events (20 events):
Event: 0.024 Thread 0x000001dd76a04a30 Thread added: 0x000001dd7fe552c0
Event: 0.034 Thread 0x000001dd76a04a30 Thread added: 0x000001dd7fe6f8d0
Event: 0.034 Thread 0x000001dd76a04a30 Thread added: 0x000001dd7fe701a0
Event: 0.034 Thread 0x000001dd76a04a30 Thread added: 0x000001dd7fe71d80
Event: 0.034 Thread 0x000001dd76a04a30 Thread added: 0x000001dd7fe79fd0
Event: 0.034 Thread 0x000001dd76a04a30 Thread added: 0x000001dd7fe79150
Event: 0.034 Thread 0x000001dd76a04a30 Thread added: 0x000001dd7fe87a70
Event: 0.214 Thread 0x000001dd76a04a30 Thread added: 0x000001dd7fe3f4a0
Event: 0.219 Thread 0x000001dd7fe79150 Thread added: 0x000001dd1768b7a0
Event: 0.219 Thread 0x000001dd7fe79150 Thread added: 0x000001dd176940e0
Event: 0.230 Thread 0x000001dd76a04a30 Thread added: 0x000001dd176da0b0
Event: 0.230 Thread 0x000001dd76a04a30 Thread added: 0x000001dd176ded00
Event: 0.230 Thread 0x000001dd176da0b0 Thread added: 0x000001dd176f3470
Event: 0.388 Thread 0x000001dd76a04a30 Thread added: 0x000001dd5d54fc00
Event: 0.538 Thread 0x000001dd76a04a30 Thread added: 0x000001dd5d641730
Event: 0.940 Thread 0x000001dd76a04a30 Thread added: 0x000001dd5da1df00
Event: 1.093 Thread 0x000001dd5d641730 Thread added: 0x000001dd5da4e070
Event: 1.109 Thread 0x000001dd5da4e070 Thread added: 0x000001dd5dc98400
Event: 1.113 Thread 0x000001dd5da4e070 Thread added: 0x000001dd5dae4bf0
Event: 1.123 Thread 0x000001dd5dae4bf0 Thread exited: 0x000001dd5dae4bf0


Dynamic libraries:
0x00007ff7a3c20000 - 0x00007ff7a3c2e000 	C:\Users\karol\.jdks\corretto-17.0.14\bin\java.exe
0x00007ffaae760000 - 0x00007ffaae9c3000 	C:\WINDOWS\SYSTEM32\ntdll.dll
0x00007ffaacad0000 - 0x00007ffaacb97000 	C:\WINDOWS\System32\KERNEL32.DLL
0x00007ffaabb00000 - 0x00007ffaabec7000 	C:\WINDOWS\System32\KERNELBASE.dll
0x00007ffaabed0000 - 0x00007ffaac01c000 	C:\WINDOWS\System32\ucrtbase.dll
0x00007ffa7ff40000 - 0x00007ffa7ff57000 	C:\Users\karol\.jdks\corretto-17.0.14\bin\jli.dll
0x00007ffa7fdf0000 - 0x00007ffa7fe0b000 	C:\Users\karol\.jdks\corretto-17.0.14\bin\VCRUNTIME140.dll
0x00007ffaae320000 - 0x00007ffaae4e9000 	C:\WINDOWS\System32\USER32.dll
0x00007ffaac170000 - 0x00007ffaac197000 	C:\WINDOWS\System32\win32u.dll
0x00007ffaadbd0000 - 0x00007ffaadbfa000 	C:\WINDOWS\System32\GDI32.dll
0x00007ffaac240000 - 0x00007ffaac36b000 	C:\WINDOWS\System32\gdi32full.dll
0x00007ffa8f3a0000 - 0x00007ffa8f630000 	C:\WINDOWS\WinSxS\amd64_microsoft.windows.common-controls_6595b64144ccf1df_6.0.26100.3037_none_3e09262ce333c378\COMCTL32.dll
0x00007ffaac370000 - 0x00007ffaac413000 	C:\WINDOWS\System32\msvcp_win.dll
0x00007ffaae270000 - 0x00007ffaae319000 	C:\WINDOWS\System32\msvcrt.dll
0x00007ffaae5d0000 - 0x00007ffaae5ff000 	C:\WINDOWS\System32\IMM32.DLL
0x00007ffa8e590000 - 0x00007ffa8e59c000 	C:\Users\karol\.jdks\corretto-17.0.14\bin\vcruntime140_1.dll
0x00007ffa5fba0000 - 0x00007ffa5fc2d000 	C:\Users\karol\.jdks\corretto-17.0.14\bin\msvcp140.dll
0x00007ffa4de80000 - 0x00007ffa4eaec000 	C:\Users\karol\.jdks\corretto-17.0.14\bin\server\jvm.dll
0x00007ffaaddc0000 - 0x00007ffaade74000 	C:\WINDOWS\System32\ADVAPI32.dll
0x00007ffaadb20000 - 0x00007ffaadbc6000 	C:\WINDOWS\System32\sechost.dll
0x00007ffaacec0000 - 0x00007ffaacfd6000 	C:\WINDOWS\System32\RPCRT4.dll
0x00007ffaae690000 - 0x00007ffaae704000 	C:\WINDOWS\System32\WS2_32.dll
0x00007ffaab3d0000 - 0x00007ffaab41e000 	C:\WINDOWS\SYSTEM32\POWRPROF.dll
0x00007ffaa4380000 - 0x00007ffaa438b000 	C:\WINDOWS\SYSTEM32\VERSION.dll
0x00007ffa9b2d0000 - 0x00007ffa9b306000 	C:\WINDOWS\SYSTEM32\WINMM.dll
0x00007ffaab3b0000 - 0x00007ffaab3c4000 	C:\WINDOWS\SYSTEM32\UMPDC.dll
0x00007ffaaa900000 - 0x00007ffaaa91a000 	C:\WINDOWS\SYSTEM32\kernel.appcore.dll
0x00007ffa8e4c0000 - 0x00007ffa8e4ca000 	C:\Users\karol\.jdks\corretto-17.0.14\bin\jimage.dll
0x00007ffaa9230000 - 0x00007ffaa9471000 	C:\WINDOWS\SYSTEM32\DBGHELP.DLL
0x00007ffaade80000 - 0x00007ffaae1fe000 	C:\WINDOWS\System32\combase.dll
0x00007ffaacba0000 - 0x00007ffaacc76000 	C:\WINDOWS\System32\OLEAUT32.dll
0x00007ffa8fd30000 - 0x00007ffa8fd69000 	C:\WINDOWS\SYSTEM32\dbgcore.DLL
0x00007ffaac1a0000 - 0x00007ffaac239000 	C:\WINDOWS\System32\bcryptPrimitives.dll
0x00007ffa878e0000 - 0x00007ffa8791b000 	C:\Users\karol\.jdks\corretto-17.0.14\bin\jdwp.dll
0x00007ffa8dca0000 - 0x00007ffa8dcae000 	C:\Users\karol\.jdks\corretto-17.0.14\bin\instrument.dll
0x00007ffa77ff0000 - 0x00007ffa78015000 	C:\Users\karol\.jdks\corretto-17.0.14\bin\java.dll
0x00007ffa7fbf0000 - 0x00007ffa7fc08000 	C:\Users\karol\.jdks\corretto-17.0.14\bin\zip.dll
0x00007ffa5f1e0000 - 0x00007ffa5f2b7000 	C:\Users\karol\.jdks\corretto-17.0.14\bin\jsvml.dll
0x00007ffaad0e0000 - 0x00007ffaad7e4000 	C:\WINDOWS\System32\SHELL32.dll
0x00007ffaa97e0000 - 0x00007ffaaa017000 	C:\WINDOWS\SYSTEM32\windows.storage.dll
0x00007ffaacc80000 - 0x00007ffaacd69000 	C:\WINDOWS\System32\SHCORE.dll
0x00007ffaace60000 - 0x00007ffaacebd000 	C:\WINDOWS\System32\shlwapi.dll
0x00007ffaaba10000 - 0x00007ffaaba3e000 	C:\WINDOWS\SYSTEM32\profapi.dll
0x00007ffa8abb0000 - 0x00007ffa8abbc000 	C:\Users\karol\.jdks\corretto-17.0.14\bin\dt_socket.dll
0x00007ffaaa310000 - 0x00007ffaaa342000 	C:\WINDOWS\SYSTEM32\IPHLPAPI.DLL
0x00007ffaaae20000 - 0x00007ffaaae8a000 	C:\WINDOWS\system32\mswsock.dll
0x00007ffa7f7a0000 - 0x00007ffa7f7b9000 	C:\Users\karol\.jdks\corretto-17.0.14\bin\net.dll
0x00007ffaa4100000 - 0x00007ffaa421e000 	C:\WINDOWS\SYSTEM32\WINHTTP.dll
0x00007ffa7f230000 - 0x00007ffa7f246000 	C:\Users\karol\.jdks\corretto-17.0.14\bin\nio.dll
0x00007ffaaa3a0000 - 0x00007ffaaa4c5000 	C:\WINDOWS\SYSTEM32\DNSAPI.dll
0x00007ffaace20000 - 0x00007ffaace2a000 	C:\WINDOWS\System32\NSI.dll
0x00007ffa9b2c0000 - 0x00007ffa9b2cb000 	C:\Windows\System32\rasadhlp.dll
0x00007ffaa0870000 - 0x00007ffaa08f5000 	C:\WINDOWS\System32\fwpuclnt.dll
0x00007ffa8cc80000 - 0x00007ffa8cc89000 	C:\Users\karol\.jdks\corretto-17.0.14\bin\management.dll
0x00007ffa8cb20000 - 0x00007ffa8cb2b000 	C:\Users\karol\.jdks\corretto-17.0.14\bin\management_ext.dll
0x00007ffaae710000 - 0x00007ffaae718000 	C:\WINDOWS\System32\PSAPI.DLL
0x00007ffaab0e0000 - 0x00007ffaab0fc000 	C:\WINDOWS\SYSTEM32\CRYPTSP.dll
0x00007ffaaa860000 - 0x00007ffaaa898000 	C:\WINDOWS\system32\rsaenh.dll
0x00007ffaaaec0000 - 0x00007ffaaaeeb000 	C:\WINDOWS\SYSTEM32\USERENV.dll
0x00007ffaab430000 - 0x00007ffaab456000 	C:\WINDOWS\SYSTEM32\bcrypt.dll
0x00007ffaab100000 - 0x00007ffaab10c000 	C:\WINDOWS\SYSTEM32\CRYPTBASE.dll
0x00007ffaa3f50000 - 0x00007ffaa3f6f000 	C:\WINDOWS\SYSTEM32\dhcpcsvc6.DLL
0x00007ffaa3cf0000 - 0x00007ffaa3d15000 	C:\WINDOWS\SYSTEM32\dhcpcsvc.DLL
0x00007ffa979f0000 - 0x00007ffa97a08000 	C:\WINDOWS\system32\napinsp.dll
0x00007ffa94310000 - 0x00007ffa94322000 	C:\WINDOWS\System32\winrnr.dll
0x00007ffa76cf0000 - 0x00007ffa76d12000 	C:\WINDOWS\system32\nlansp_c.dll
0x00007ffaa8740000 - 0x00007ffaa8756000 	C:\WINDOWS\system32\wshbth.dll
0x00007ffa8c9a0000 - 0x00007ffa8c9a9000 	C:\Users\karol\.jdks\corretto-17.0.14\bin\extnet.dll

dbghelp: loaded successfully - version: 4.0.5 - missing functions: none
symbol engine: initialized successfully - sym options: 0x614 - pdb path: .;C:\Users\karol\.jdks\corretto-17.0.14\bin;C:\WINDOWS\SYSTEM32;C:\WINDOWS\WinSxS\amd64_microsoft.windows.common-controls_6595b64144ccf1df_6.0.26100.3037_none_3e09262ce333c378;C:\Users\karol\.jdks\corretto-17.0.14\bin\server

VM Arguments:
jvm_args: -agentlib:jdwp=transport=dt_socket,address=127.0.0.1:55971,suspend=y,server=n -XX:TieredStopAtLevel=1 -Dspring.output.ansi.enabled=always -Dcom.sun.management.jmxremote -Dspring.jmx.enabled=true -Dspring.liveBeansView.mbeanDomain -Dspring.application.admin.enabled=true -Dmanagement.endpoints.jmx.exposure.include=* -javaagent:C:\Users\karol\AppData\Local\JetBrains\IntelliJIdea2024.1\captureAgent\debugger-agent.jar=file:/C:/Users/karol/AppData/Local/Temp/capture.props -Dfile.encoding=UTF-8 
java_command: org.shop.sportwebstore.SportWebStoreApplication
java_class_path (initial): D:\projekty\sport-web-store\build\classes\java\main;D:\projekty\sport-web-store\build\resources\main;C:\Users\karol\.gradle\caches\modules-2\files-2.1\org.projectlombok\lombok\1.18.36\5a30490a6e14977d97d9c73c924c1f1b5311ea95\lombok-1.18.36.jar;C:\Users\karol\.gradle\caches\modules-2\files-2.1\org.springframework.boot\spring-boot-starter-data-mongodb\3.4.3\d4d08e06b061eb9e6bda53deec22858fedf16cfa\spring-boot-starter-data-mongodb-3.4.3.jar;C:\Users\karol\.gradle\caches\modules-2\files-2.1\org.springframework.boot\spring-boot-starter-data-redis\3.4.3\84ac48804df9036b5545cb9d3ec340646f1f0cff\spring-boot-starter-data-redis-3.4.3.jar;C:\Users\karol\.gradle\caches\modules-2\files-2.1\org.springframework.boot\spring-boot-starter-security\3.4.3\b474a2f9fdd7e46cfb662b13bb38d9da9e7682d0\spring-boot-starter-security-3.4.3.jar;C:\Users\karol\.gradle\caches\modules-2\files-2.1\org.springframework.boot\spring-boot-starter-validation\3.4.3\cbbea0ff19a55bc84926a04be99045c7eba2420\spring-boot-starter-validation-3.4.3.jar;C:\Users\karol\.gradle\caches\modules-2\files-2.1\org.springframework.boot\spring-boot-starter-mail\3.4.3\e9f326755180984e7166c829c48552f12762e596\spring-boot-starter-mail-3.4.3.jar;C:\Users\karol\.gradle\caches\modules-2\files-2.1\org.springframework.boot\spring-boot-starter-web\3.4.3\87e7a401e7d249fefc7f372f5681e8620234624c\spring-boot-starter-web-3.4.3.jar;C:\Users\karol\.gradle\caches\modules-2\files-2.1\org.eclipse.angus\angus-mail\2.0.3\56f811522d693700013768db83b741a65da6c61c\angus-mail-2.0.3.jar;C:\Users\karol\.gradle\caches\modules-2\files-2.1\io.jsonwebtoken\jjwt-impl\0.12.6\ac23673a84b6089e0369fb8ab2c69edd91cd6eb0\jjwt-impl-0.12.6.jar;C:\Users\karol\.gradle\caches\modules-2\files-2.1\io.jsonwebtoken\jjwt-jackson\0.12.5\1b3e39349c8508272760a7b4cdf6053083ed3f6\jjwt-jackson-0.12.5.jar;C:\Users\karol\.gradle\caches\modules-2\files-2.1\io.jsonwebtoken\jjwt-api\0.12.3\30b7de9176d17fa347eef14b85480825dab76b58\jjwt-api-0.12.3.jar;C:\Us
Launcher Type: SUN_STANDARD

[Global flags]
     intx CICompilerCount                          = 3                                         {product} {ergonomic}
     uint ConcGCThreads                            = 2                                         {product} {ergonomic}
     uint G1ConcRefinementThreads                  = 6                                         {product} {ergonomic}
   size_t G1HeapRegionSize                         = 4194304                                   {product} {ergonomic}
    uintx GCDrainStackTargetSize                   = 64                                        {product} {ergonomic}
   size_t InitialHeapSize                          = 536870912                                 {product} {ergonomic}
     bool ManagementServer                         = true                                      {product} {command line}
   size_t MarkStackSize                            = 4194304                                   {product} {ergonomic}
   size_t MaxHeapSize                              = 8577351680                                {product} {ergonomic}
   size_t MaxNewSize                               = 5146411008                                {product} {ergonomic}
   size_t MinHeapDeltaBytes                        = 4194304                                   {product} {ergonomic}
   size_t MinHeapSize                              = 8388608                                   {product} {ergonomic}
    uintx NonProfiledCodeHeapSize                  = 0                                      {pd product} {ergonomic}
     bool ProfileInterpreter                       = false                                  {pd product} {command line}
    uintx ProfiledCodeHeapSize                     = 0                                      {pd product} {ergonomic}
   size_t SoftMaxHeapSize                          = 8577351680                             {manageable} {ergonomic}
     intx TieredStopAtLevel                        = 1                                         {product} {command line}
     bool UseCompressedClassPointers               = true                           {product lp64_product} {ergonomic}
     bool UseCompressedOops                        = true                           {product lp64_product} {ergonomic}
     bool UseG1GC                                  = true                                      {product} {ergonomic}
     bool UseLargePagesIndividualAllocation        = false                                  {pd product} {ergonomic}

Logging:
Log output configuration:
 #0: stdout all=warning uptime,level,tags
 #1: stderr all=off uptime,level,tags

Environment Variables:
JAVA_HOME=C:\Users\karol\.jdks\corretto-17.0.13
PATH=C:\Python312\Scripts\;C:\Python312\;C:\Program Files\Eclipse Adoptium\jdk-21.0.2.13-hotspot\bin;C:\Python311\Scripts\;C:\Python311\;C:\Windows\system32;C:\Windows;C:\Windows\System32\Wbem;C:\Windows\System32\WindowsPowerShell\v1.0\;C:\Windows\System32\OpenSSH\;C:\Program Files (x86)\NVIDIA Corporation\PhysX\Common;C:\Program Files\dotnet\;C:\xampp\php;C:\Program Files\PuTTY\;C:\ProgramData\chocolatey\bin;C:\Program Files\NASM;C:\Program Files (x86)\Dev-Cpp\MinGW64\bin;C:\Program Files\apache-maven-3.9.5\bin;C:\Program Files (x86)\Yarn\bin\;C:\ProgramData\ComposerSetup\bin;C:\Program Files\Git\cmd;C:\WINDOWS\system32;C:\WINDOWS;C:\WINDOWS\System32\Wbem;C:\WINDOWS\System32\WindowsPowerShell\v1.0\;C:\WINDOWS\System32\OpenSSH\;C:\Users\karol\AppData\Roaming\nvm;C:\Program Files\nodejs;C:\Program Files\Docker\Docker\resources\bin;C:\Program Files\Go\bin;C:\Program Files\Apache\Maven\apache-maven-3.9.9\bin;C:\Program Files\nodejs\;C:\Users\karol\AppData\Local\Programs\Python\Python313\Scripts\;C:\Users\karol\AppData\Local\Programs\Python\Python313\;C:\Users\karol\scoop\apps\openssl\current\bin;C:\Users\karol\scoop\shims;C:\Program Files\MySQL\MySQL Shell 8.0\bin\;C:\Users\karol\AppData\Local\Microsoft\WindowsApps;E:\vsCode\Microsoft VS Code\bin;C:\Users\karol\.dotnet\tools;C:\Users\karol\AppData\Roaming\Composer\vendor\bin;C:\Program Files\NASM;C:\Program Files (x86)\Dev-Cpp\MinGW64\bin;C:\ghcup\bin;C:\Users\karol\AppData\Local\Yarn\bin;C:\Users\karol\AppData\Local\Microsoft\WinGet\Packages\Schniz.fnm_Microsoft.Winget.Source_8wekyb3d8bbwe;C:\Users\karol\AppData\Roaming\nvm;C:\Program Files\nodejs;C:\Users\karol\go\bin;C:\Users\karol\AppData\Local\Microsoft\WindowsApps;C:\Users\karol\AppData\Roaming\npm
USERNAME=karol
OS=Windows_NT
PROCESSOR_IDENTIFIER=Intel64 Family 6 Model 158 Stepping 12, GenuineIntel
TMP=C:\Users\karol\AppData\Local\Temp
TEMP=C:\Users\karol\AppData\Local\Temp



Periodic native trim disabled


---------------  S Y S T E M  ---------------

OS:
 Windows 11 , 64 bit Build 26100 (10.0.26100.3037)
OS uptime: 9 days 10:08 hours
Hyper-V role detected

CPU: total 6 (initial active 6) (6 cores per cpu, 1 threads per core) family 6 model 158 stepping 12 microcode 0xde, cx8, cmov, fxsr, mmx, 3dnowpref, sse, sse2, sse3, ssse3, sse4.1, sse4.2, popcnt, lzcnt, tsc, tscinvbit, avx, avx2, aes, erms, clmul, bmi1, bmi2, rtm, adx, fma, vzeroupper, clflush, clflushopt, hv
Processor Information for all 6 processors :
  Max Mhz: 3696, Current Mhz: 3696, Mhz Limit: 3696

Memory: 4k page, system-wide physical 32706M (16789M free)
TotalPageFile size 34754M (AvailPageFile size 14505M)
current process WorkingSet (physical memory assigned to process): 139M, peak: 139M
current process commit charge ("private bytes"): 640M, peak: 640M

vm_info: OpenJDK 64-Bit Server VM (17.0.14+7-LTS) for windows-amd64 JRE (17.0.14+7-LTS), built on Jan  7 2025 20:14:24 by "Administrator" with MS VC++ 16.10 / 16.11 (VS2019)

END.
